commit 8fd49cd75d4b6e106b50138a495ee561da9461fa
Author: TK Gaurav <gaurav.tk2010@gmail.com>
Date:   Thu Nov 7 23:21:09 2019 -0500

    finished debugging - added extra lines for condition 3

commit 3a7474ef9c2f6befea160a64404c6644f765d03b
Author: TK Gaurav <gaurav.tk2010@gmail.com>
Date:   Fri Nov 8 03:55:27 2019 -0500

    for the generateModels.R, performed fitting and plotted the results

commit e5f56a2fcd99bb39c355547bce35b50e69200e33
Author: TK Gaurav <gaurav.tk2010@gmail.com>
Date:   Fri Nov 8 03:54:58 2019 -0500

    for the generateModels.R, calculated the correlation estimators again

commit 013cd31b3a74f9b74d02d5d9b9dd2b9c91b3d3fb
Author: TK Gaurav <gaurav.tk2010@gmail.com>
Date:   Fri Nov 8 03:54:13 2019 -0500

    for the generateModels.R, calculated the correlation estimators

commit ad8e0d31809b1c8e1d3a8a09a4f9f3811615e916
Author: TK Gaurav <gaurav.tk2010@gmail.com>
Date:   Fri Nov 8 03:28:17 2019 -0500

    added the function for plotting model data

commit cbf3a746e2c8dfae747c5726f4c90171abd3712b
Author: TK Gaurav <gaurav.tk2010@gmail.com>
Date:   Fri Nov 8 03:17:04 2019 -0500

    added the function for quadratic fitting

commit c09f134464769b705ab69a0c0f7565ad11f95b60
Author: TK Gaurav <gaurav.tk2010@gmail.com>
Date:   Fri Nov 8 03:11:25 2019 -0500

    added the model for linear fitting

commit a04cd5bc36222e71297272c5e816aa900b9467c4
Author: TK Gaurav <gaurav.tk2010@gmail.com>
Date:   Fri Nov 8 03:05:16 2019 -0500

    added the second function corrEstimates to calculate the correlation estimators

commit a56ee0c33eeb55e7c967141c9625bd526badcd36
Author: TK <gaurav.tk2010@gmail.com>
Date:   Thu Nov 7 21:27:37 2019 -0500

    Added the first function recData to receive and separate data

commit 2c2d30c2d7aa815bd824beab4c3911a3ce52ad8c
Author: TK <gaurav.tk2010@gmail.com>
Date:   Thu Nov 7 20:44:07 2019 -0500

    Created the files Fitting.Utilities.R for storing functions and generateModels.R as the driver file
