commit 9015a4586b668c8382b65aeb0fd77a1fbfccf626
Author: TK <gaurav.tk2010@gmail.com>
Date:   Thu Oct 31 23:46:12 2019 -0400

    finished checking for both arguments at the input

commit fd86ea11bd635b104224f6949ca52577dd496493
Author: TK <gaurav.tk2010@gmail.com>
Date:   Thu Oct 31 23:06:25 2019 -0400

    added the calculation of profits and printing mean profit with histogram plot

commit 62f9fc037a9778ed4267d685e0e95ae65bc23a93
Author: TK <gaurav.tk2010@gmail.com>
Date:   Thu Oct 31 22:54:58 2019 -0400

    performed the calculation for return on ticket for the given example

commit 9fbd3862f224a65e776b1d4de06042f8ba48adaa
Author: TK <gaurav.tk2010@gmail.com>
Date:   Thu Oct 31 22:24:22 2019 -0400

    made the Lottery.Analysis.R file

commit 1283b1adc03883e72b11c2d71da48537ad46b6b0
Author: TK <gaurav.tk2010@gmail.com>
Date:   Thu Oct 31 22:19:36 2019 -0400

    added the fifth function to calculate profit from buying X tickets with awards vector A

commit 195c1ef0eba70ecdefe77394726807a6d738b081
Author: TK <gaurav.tk2010@gmail.com>
Date:   Thu Oct 31 21:55:03 2019 -0400

    added the function to give number of common elements in two given vectors

commit b0dac3ae17e27aa46bb327d34160a1180c6dab35
Author: TK <gaurav.tk2010@gmail.com>
Date:   Thu Oct 31 21:48:57 2019 -0400

    Added the function to draw k random numbers from 1 to N

commit 93114731c86dbcaee334b41286b07b4b320c12c9
Author: TK <gaurav.tk2010@gmail.com>
Date:   Thu Oct 31 21:39:38 2019 -0400

    added the second function to calculate the return with awards and costs

commit 70c56d1bdbc3d55aecc4e728c4e1d59a797f4d9b
Author: TK <gaurav.tk2010@gmail.com>
Date:   Thu Oct 31 21:05:04 2019 -0400

    made the first fucntion to calculate probability
